[2026-03-13 21:44:22] ERROR: PostgreSQL connection failed: 
[2026-03-25 02:56:28] ERROR: Error in addItemToCart: ITEM_UNAVAILABLE
[2026-03-25 02:56:28] ERROR: Error adding item to cart: ITEM_UNAVAILABLE
[2026-03-25 06:00:59] ERROR: Error getting cart: Cannot read properties of undefined (reading 'userExternalId')
[2026-03-25 06:01:10] ERROR: Error getting cart: Cannot read properties of undefined (reading 'userExternalId')
[2026-03-25 06:01:10] ERROR: Error getting cart: Cannot read properties of undefined (reading 'userExternalId')
[2026-03-25 06:01:12] ERROR: Error getting cart: Cannot read properties of undefined (reading 'userExternalId')
[2026-03-25 06:01:12] ERROR: Error getting cart: Cannot read properties of undefined (reading 'userExternalId')
[2026-03-25 06:01:16] ERROR: Error getting cart: Cannot read properties of undefined (reading 'userExternalId')
[2026-03-25 06:01:21] ERROR: Error getting cart: Cannot read properties of undefined (reading 'userExternalId')
[2026-03-25 06:12:02] ERROR: Error getting cart: Cannot read properties of undefined (reading 'userExternalId')
[2026-03-25 06:12:02] ERROR: Error getting cart: Cannot read properties of undefined (reading 'userExternalId')
[2026-03-25 06:12:08] ERROR: Error getting cart: Cannot read properties of undefined (reading 'userExternalId')
[2026-03-25 06:12:08] ERROR: Error getting cart: Cannot read properties of undefined (reading 'userExternalId')
[2026-03-25 06:13:53] ERROR: Error getting cart: Cannot read properties of undefined (reading 'userExternalId')
[2026-03-25 06:13:53] ERROR: Error getting cart: Cannot read properties of undefined (reading 'userExternalId')
[2026-03-25 06:14:54] ERROR: Error getting cart: Cannot read properties of undefined (reading 'userExternalId')
[2026-03-25 06:14:54] ERROR: Error getting cart: Cannot read properties of undefined (reading 'userExternalId')
[2026-03-25 06:17:00] ERROR: Error getting cart: Cannot read properties of undefined (reading 'userExternalId')
[2026-03-25 06:19:38] ERROR: Error getting cart: userExternalId is not defined
[2026-03-25 06:19:39] ERROR: Error getting cart: userExternalId is not defined
[2026-03-25 06:19:40] ERROR: Error getting cart: userExternalId is not defined
[2026-03-25 06:21:38] ERROR: Error getting cart: userExternalId is not defined
[2026-03-25 06:21:40] ERROR: Error getting cart: userExternalId is not defined
[2026-03-25 06:22:08] ERROR: Error getting cart: userExternalId is not defined
[2026-03-25 06:22:08] ERROR: Error getting cart: userExternalId is not defined
[2026-03-25 06:22:28] ERROR: Error getting cart: userExternalId is not defined
[2026-03-25 06:22:28] ERROR: Error getting cart: userExternalId is not defined
[2026-03-25 06:22:52] ERROR: Error getting cart: userExternalId is not defined
[2026-03-25 06:22:52] ERROR: Error getting cart: userExternalId is not defined
[2026-03-25 06:24:15] ERROR: Error getting cart: userExternalId is not defined
[2026-03-25 06:24:17] ERROR: Error getting cart: userExternalId is not defined
[2026-03-25 06:25:44] ERROR: Error getting cart: userExternalId is not defined
[2026-03-25 06:25:46] ERROR: Error getting cart: userExternalId is not defined
[2026-03-25 06:26:13] ERROR: Error getting cart: userExternalId is not defined
[2026-03-25 06:26:14] ERROR: Error getting cart: userExternalId is not defined
[2026-03-25 06:26:19] ERROR: Error getting cart: userExternalId is not defined
